<?xml version="1.0" encoding="UTF-8"?>
<testsuite xmlns:xsi="http://www.w3.org/2001/XMLSchema-instance" xsi:noNamespaceSchemaLocation="https://maven.apache.org/surefire/maven-surefire-plugin/xsd/surefire-test-report-3.0.xsd" version="3.0" name="spring.it.CatalogServiceITestV4" time="18.137" tests="1" errors="0" skipped="0" failures="1">
  <properties>
    <property name="sun.desktop" value="windows"/>
    <property name="awt.toolkit" value="sun.awt.windows.WToolkit"/>
    <property name="file.encoding.pkg" value="sun.io"/>
    <property name="java.specification.version" value="1.8"/>
    <property name="sun.cpu.isalist" value="amd64"/>
    <property name="sun.jnu.encoding" value="Cp1252"/>
    <property name="java.class.path" value="C:\Users\Abhishek Kanaujiya\Desktop\rest_api\springp\integration-tests\target\test-classes;C:\Users\Abhishek Kanaujiya\Desktop\rest_api\springp\integration-tests\target\classes;C:\Users\Abhishek Kanaujiya\Desktop\rest_api\springp\srv\target\sprngp.jar;C:\Users\Abhishek Kanaujiya\.m2\repository\com\sap\cds\cds-starter-spring-boot\1.24.0\cds-starter-spring-boot-1.24.0.jar;C:\Users\Abhishek Kanaujiya\.m2\repository\com\sap\cds\cds-services-api\1.24.0\cds-services-api-1.24.0.jar;C:\Users\Abhishek Kanaujiya\.m2\repository\com\sap\cds\cds4j-api\1.28.0\cds4j-api-1.28.0.jar;C:\Users\Abhishek Kanaujiya\.m2\repository\com\sap\cds\cds-services-impl\1.24.0\cds-services-impl-1.24.0.jar;C:\Users\Abhishek Kanaujiya\.m2\repository\com\sap\cds\cds-feature-jdbc\1.24.0\cds-feature-jdbc-1.24.0.jar;C:\Users\Abhishek Kanaujiya\.m2\repository\com\sap\cds\cds4j-runtime\1.28.0\cds4j-runtime-1.28.0.jar;C:\Users\Abhishek Kanaujiya\.m2\repository\com\sap\cds\cds4j-jdbc-spi\1.28.0\cds4j-jdbc-spi-1.28.0.jar;C:\Users\Abhishek Kanaujiya\.m2\repository\com\sap\cds\cds4j-tx\1.28.0\cds4j-tx-1.28.0.jar;C:\Users\Abhishek Kanaujiya\.m2\repository\com\sap\cds\cds-framework-spring-boot\1.24.0\cds-framework-spring-boot-1.24.0.jar;C:\Users\Abhishek Kanaujiya\.m2\repository\org\springframework\boot\spring-boot-starter-web\2.6.7\spring-boot-starter-web-2.6.7.jar;C:\Users\Abhishek Kanaujiya\.m2\repository\org\springframework\boot\spring-boot-starter-json\2.6.7\spring-boot-starter-json-2.6.7.jar;C:\Users\Abhishek Kanaujiya\.m2\repository\com\fasterxml\jackson\datatype\jackson-datatype-jdk8\2.13.2\jackson-datatype-jdk8-2.13.2.jar;C:\Users\Abhishek Kanaujiya\.m2\repository\com\fasterxml\jackson\datatype\jackson-datatype-jsr310\2.13.2\jackson-datatype-jsr310-2.13.2.jar;C:\Users\Abhishek Kanaujiya\.m2\repository\com\fasterxml\jackson\module\jackson-module-parameter-names\2.13.2\jackson-module-parameter-names-2.13.2.jar;C:\Users\Abhishek Kanaujiya\.m2\repository\org\springframework\boot\spring-boot-starter-tomcat\2.6.7\spring-boot-starter-tomcat-2.6.7.jar;C:\Users\Abhishek Kanaujiya\.m2\repository\org\apache\tomcat\embed\tomcat-embed-core\9.0.62\tomcat-embed-core-9.0.62.jar;C:\Users\Abhishek Kanaujiya\.m2\repository\org\apache\tomcat\embed\tomcat-embed-el\9.0.62\tomcat-embed-el-9.0.62.jar;C:\Users\Abhishek Kanaujiya\.m2\repository\org\apache\tomcat\embed\tomcat-embed-websocket\9.0.62\tomcat-embed-websocket-9.0.62.jar;C:\Users\Abhishek Kanaujiya\.m2\repository\org\springframework\spring-web\5.3.19\spring-web-5.3.19.jar;C:\Users\Abhishek Kanaujiya\.m2\repository\org\springframework\spring-beans\5.3.19\spring-beans-5.3.19.jar;C:\Users\Abhishek Kanaujiya\.m2\repository\org\springframework\spring-webmvc\5.3.19\spring-webmvc-5.3.19.jar;C:\Users\Abhishek Kanaujiya\.m2\repository\org\springframework\spring-aop\5.3.19\spring-aop-5.3.19.jar;C:\Users\Abhishek Kanaujiya\.m2\repository\org\springframework\spring-expression\5.3.19\spring-expression-5.3.19.jar;C:\Users\Abhishek Kanaujiya\.m2\repository\org\springframework\boot\spring-boot-starter-jdbc\2.6.7\spring-boot-starter-jdbc-2.6.7.jar;C:\Users\Abhishek Kanaujiya\.m2\repository\com\zaxxer\HikariCP\4.0.3\HikariCP-4.0.3.jar;C:\Users\Abhishek Kanaujiya\.m2\repository\org\springframework\spring-jdbc\5.3.19\spring-jdbc-5.3.19.jar;C:\Users\Abhishek Kanaujiya\.m2\repository\org\springframework\spring-tx\5.3.19\spring-tx-5.3.19.jar;C:\Users\Abhishek Kanaujiya\.m2\repository\com\sap\cds\cds-adapter-odata-v4\1.24.0\cds-adapter-odata-v4-1.24.0.jar;C:\Users\Abhishek Kanaujiya\.m2\repository\com\sap\cds\cds-adapter-api\1.24.0\cds-adapter-api-1.24.0.jar;C:\Users\Abhishek Kanaujiya\.m2\repository\com\sap\cds\cds-services-utils\1.24.0\cds-services-utils-1.24.0.jar;C:\Users\Abhishek Kanaujiya\.m2\repository\javax\jms\javax.jms-api\2.0.1\javax.jms-api-2.0.1.jar;C:\Users\Abhishek Kanaujiya\.m2\repository\org\apache\httpcomponents\httpclient\4.5.13\httpclient-4.5.13.jar;C:\Users\Abhishek Kanaujiya\.m2\repository\org\apache\httpcomponents\httpcore\4.4.15\httpcore-4.4.15.jar;C:\Users\Abhishek Kanaujiya\.m2\repository\commons-codec\commons-codec\1.15\commons-codec-1.15.jar;C:\Users\Abhishek Kanaujiya\.m2\repository\com\sap\cds\cds4j-core\1.28.0\cds4j-core-1.28.0.jar;C:\Users\Abhishek Kanaujiya\.m2\repository\com\google\guava\guava\30.1-jre\guava-30.1-jre.jar;C:\Users\Abhishek Kanaujiya\.m2\repository\com\google\guava\failureaccess\1.0.1\failureaccess-1.0.1.jar;C:\Users\Abhishek Kanaujiya\.m2\repository\com\google\guava\listenablefuture\9999.0-empty-to-avoid-conflict-with-guava\listenablefuture-9999.0-empty-to-avoid-conflict-with-guava.jar;C:\Users\Abhishek Kanaujiya\.m2\repository\com\google\code\findbugs\jsr305\3.0.2\jsr305-3.0.2.jar;C:\Users\Abhishek Kanaujiya\.m2\repository\org\checkerframework\checker-qual\3.5.0\checker-qual-3.5.0.jar;C:\Users\Abhishek Kanaujiya\.m2\repository\com\google\errorprone\error_prone_annotations\2.3.4\error_prone_annotations-2.3.4.jar;C:\Users\Abhishek Kanaujiya\.m2\repository\com\google\j2objc\j2objc-annotations\1.3\j2objc-annotations-1.3.jar;C:\Users\Abhishek Kanaujiya\.m2\repository\com\sap\cloud\mt\cds-mtx\1.15.0\cds-mtx-1.15.0.jar;C:\Users\Abhishek Kanaujiya\.m2\repository\com\sap\cloud\security\xsuaa\token-client\2.11.16\token-client-2.11.16.jar;C:\Users\Abhishek Kanaujiya\.m2\repository\com\sap\cloud\security\xsuaa\api\2.11.16\api-2.11.16.jar;C:\Users\Abhishek Kanaujiya\.m2\repository\com\sap\cloud\security\java-api\2.11.16\java-api-2.11.16.jar;C:\Users\Abhishek Kanaujiya\.m2\repository\org\json\json\20220320\json-20220320.jar;C:\Users\Abhishek Kanaujiya\.m2\repository\com\github\ben-manes\caffeine\caffeine\2.9.3\caffeine-2.9.3.jar;C:\Users\Abhishek Kanaujiya\.m2\repository\commons-io\commons-io\2.11.0\commons-io-2.11.0.jar;C:\Users\Abhishek Kanaujiya\.m2\repository\com\sap\cloud\sdk\cloudplatform\cloudplatform-connectivity\3.67.0\cloudplatform-connectivity-3.67.0.jar;C:\Users\Abhishek Kanaujiya\.m2\repository\com\sap\cloud\sdk\cloudplatform\cloudplatform-core\3.67.0\cloudplatform-core-3.67.0.jar;C:\Users\Abhishek Kanaujiya\.m2\repository\com\google\code\gson\gson\2.8.9\gson-2.8.9.jar;C:\Users\Abhishek Kanaujiya\.m2\repository\com\sap\cloud\sdk\cloudplatform\caching\3.67.0\caching-3.67.0.jar;C:\Users\Abhishek Kanaujiya\.m2\repository\com\sap\cloud\sdk\cloudplatform\security\3.67.0\security-3.67.0.jar;C:\Users\Abhishek Kanaujiya\.m2\repository\com\sap\cloud\sdk\cloudplatform\tenant\3.67.0\tenant-3.67.0.jar;C:\Users\Abhishek Kanaujiya\.m2\repository\com\sap\cloud\sdk\cloudplatform\servlet\3.67.0\servlet-3.67.0.jar;C:\Users\Abhishek Kanaujiya\.m2\repository\com\sap\cloud\sdk\quality\common\3.67.0\common-3.67.0.jar;C:\Users\Abhishek Kanaujiya\.m2\repository\org\apache\commons\commons-csv\1.9.0\commons-csv-1.9.0.jar;C:\Users\Abhishek Kanaujiya\.m2\repository\org\slf4j\jcl-over-slf4j\1.7.36\jcl-over-slf4j-1.7.36.jar;C:\Users\Abhishek Kanaujiya\.m2\repository\io\vavr\vavr\0.10.4\vavr-0.10.4.jar;C:\Users\Abhishek Kanaujiya\.m2\repository\io\vavr\vavr-match\0.10.4\vavr-match-0.10.4.jar;C:\Users\Abhishek Kanaujiya\.m2\repository\com\mikesamuel\json-sanitizer\1.2.3\json-sanitizer-1.2.3.jar;C:\Users\Abhishek Kanaujiya\.m2\repository\com\sap\cloud\mt\tools\1.15.0\tools-1.15.0.jar;C:\Users\Abhishek Kanaujiya\.m2\repository\com\sap\cloud\security\env\2.11.16\env-2.11.16.jar;C:\Users\Abhishek Kanaujiya\.m2\repository\com\sap\cds\repackaged\odata-v4-lib\1.24.0\odata-v4-lib-1.24.0.jar;C:\Users\Abhishek Kanaujiya\.m2\repository\com\fasterxml\jackson\dataformat\jackson-dataformat-xml\2.13.2\jackson-dataformat-xml-2.13.2.jar;C:\Users\Abhishek Kanaujiya\.m2\repository\org\codehaus\woodstox\stax2-api\4.2.1\stax2-api-4.2.1.jar;C:\Users\Abhishek Kanaujiya\.m2\repository\com\fasterxml\woodstox\woodstox-core\6.2.7\woodstox-core-6.2.7.jar;C:\Users\Abhishek Kanaujiya\.m2\repository\com\fasterxml\aalto-xml\1.2.1\aalto-xml-1.2.1.jar;C:\Users\Abhishek Kanaujiya\.m2\repository\org\apache\commons\commons-lang3\3.12.0\commons-lang3-3.12.0.jar;C:\Users\Abhishek Kanaujiya\.m2\repository\org\slf4j\slf4j-api\1.7.36\slf4j-api-1.7.36.jar;C:\Users\Abhishek Kanaujiya\.m2\repository\com\h2database\h2\1.4.200\h2-1.4.200.jar;C:\Users\Abhishek Kanaujiya\.m2\repository\com\sap\cds\cds-starter-cloudfoundry\1.24.0\cds-starter-cloudfoundry-1.24.0.jar;C:\Users\Abhishek Kanaujiya\.m2\repository\com\sap\cds\cds-feature-hana\1.24.0\cds-feature-hana-1.24.0.jar;C:\Users\Abhishek Kanaujiya\.m2\repository\com\sap\cloud\db\jdbc\ngdbc\2.12.9\ngdbc-2.12.9.jar;C:\Users\Abhishek Kanaujiya\.m2\repository\com\sap\cds\cds-feature-mt\1.24.0\cds-feature-mt-1.24.0.jar;C:\Users\Abhishek Kanaujiya\.m2\repository\com\sap\cloud\mt\multi-tenant-runtime\1.15.0\multi-tenant-runtime-1.15.0.jar;C:\Users\Abhishek Kanaujiya\.m2\repository\com\sap\cloud\mt\multi-tenant-subscription\1.15.0\multi-tenant-subscription-1.15.0.jar;C:\Users\Abhishek Kanaujiya\.m2\repository\com\sap\cloud\instancemanager\client\2.0.13\client-2.0.13.jar;C:\Users\Abhishek Kanaujiya\.m2\repository\com\sap\cloud\security\java-security\2.11.3\java-security-2.11.3.jar;C:\Users\Abhishek Kanaujiya\.m2\repository\com\sap\cloud\instancemanager\util\2.0.13\util-2.0.13.jar;C:\Users\Abhishek Kanaujiya\.m2\repository\com\sap\cloud\instancemanager\client-api\2.0.13\client-api-2.0.13.jar;C:\Users\Abhishek Kanaujiya\.m2\repository\com\sap\cds\cds-integration-cloud-sdk\1.24.0\cds-integration-cloud-sdk-1.24.0.jar;C:\Users\Abhishek Kanaujiya\.m2\repository\com\sap\cloud\sdk\frameworks\resilience4j\3.67.0\resilience4j-3.67.0.jar;C:\Users\Abhishek Kanaujiya\.m2\repository\com\sap\cloud\sdk\cloudplatform\resilience\3.67.0\resilience-3.67.0.jar;C:\Users\Abhishek Kanaujiya\.m2\repository\io\github\resilience4j\resilience4j-circuitbreaker\1.7.1\resilience4j-circuitbreaker-1.7.1.jar;C:\Users\Abhishek Kanaujiya\.m2\repository\io\github\resilience4j\resilience4j-core\1.7.1\resilience4j-core-1.7.1.jar;C:\Users\Abhishek Kanaujiya\.m2\repository\io\github\resilience4j\resilience4j-bulkhead\1.7.1\resilience4j-bulkhead-1.7.1.jar;C:\Users\Abhishek Kanaujiya\.m2\repository\io\github\resilience4j\resilience4j-timelimiter\1.7.1\resilience4j-timelimiter-1.7.1.jar;C:\Users\Abhishek Kanaujiya\.m2\repository\io\github\resilience4j\resilience4j-cache\1.7.1\resilience4j-cache-1.7.1.jar;C:\Users\Abhishek Kanaujiya\.m2\repository\javax\cache\cache-api\1.1.1\cache-api-1.1.1.jar;C:\Users\Abhishek Kanaujiya\.m2\repository\io\github\resilience4j\resilience4j-retry\1.7.1\resilience4j-retry-1.7.1.jar;C:\Users\Abhishek Kanaujiya\.m2\repository\io\github\resilience4j\resilience4j-ratelimiter\1.7.1\resilience4j-ratelimiter-1.7.1.jar;C:\Users\Abhishek Kanaujiya\.m2\repository\com\sap\cds\cds-feature-xsuaa\1.24.0\cds-feature-xsuaa-1.24.0.jar;C:\Users\Abhishek Kanaujiya\.m2\repository\com\sap\cloud\security\xsuaa\xsuaa-spring-boot-starter\2.11.16\xsuaa-spring-boot-starter-2.11.16.jar;C:\Users\Abhishek Kanaujiya\.m2\repository\com\sap\cloud\security\xsuaa\spring-xsuaa\2.11.16\spring-xsuaa-2.11.16.jar;C:\Users\Abhishek Kanaujiya\.m2\repository\org\springframework\boot\spring-boot-starter-security\2.6.7\spring-boot-starter-security-2.6.7.jar;C:\Users\Abhishek Kanaujiya\.m2\repository\org\springframework\security\spring-security-config\5.6.3\spring-security-config-5.6.3.jar;C:\Users\Abhishek Kanaujiya\.m2\repository\org\springframework\security\spring-security-web\5.6.3\spring-security-web-5.6.3.jar;C:\Users\Abhishek Kanaujiya\.m2\repository\org\springframework\security\spring-security-oauth2-jose\5.6.3\spring-security-oauth2-jose-5.6.3.jar;C:\Users\Abhishek Kanaujiya\.m2\repository\org\springframework\security\spring-security-core\5.6.3\spring-security-core-5.6.3.jar;C:\Users\Abhishek Kanaujiya\.m2\repository\org\springframework\security\spring-security-crypto\5.6.3\spring-security-crypto-5.6.3.jar;C:\Users\Abhishek Kanaujiya\.m2\repository\org\springframework\security\spring-security-oauth2-core\5.6.3\spring-security-oauth2-core-5.6.3.jar;C:\Users\Abhishek Kanaujiya\.m2\repository\com\nimbusds\nimbus-jose-jwt\9.14\nimbus-jose-jwt-9.14.jar;C:\Users\Abhishek Kanaujiya\.m2\repository\com\github\stephenc\jcip\jcip-annotations\1.0-1\jcip-annotations-1.0-1.jar;C:\Users\Abhishek Kanaujiya\.m2\repository\org\springframework\security\spring-security-oauth2-resource-server\5.6.3\spring-security-oauth2-resource-server-5.6.3.jar;C:\Users\Abhishek Kanaujiya\.m2\repository\com\sap\cds\cds-feature-cloudfoundry\1.24.0\cds-feature-cloudfoundry-1.24.0.jar;C:\Users\Abhishek Kanaujiya\.m2\repository\com\fasterxml\jackson\core\jackson-databind\2.13.2.1\jackson-databind-2.13.2.1.jar;C:\Users\Abhishek Kanaujiya\.m2\repository\com\fasterxml\jackson\core\jackson-annotations\2.13.2\jackson-annotations-2.13.2.jar;C:\Users\Abhishek Kanaujiya\.m2\repository\com\fasterxml\jackson\core\jackson-core\2.13.2\jackson-core-2.13.2.jar;C:\Users\Abhishek Kanaujiya\.m2\repository\org\xerial\sqlite-jdbc\3.36.0.3\sqlite-jdbc-3.36.0.3.jar;C:\Users\Abhishek Kanaujiya\.m2\repository\org\springframework\boot\spring-boot-starter-test\2.6.7\spring-boot-starter-test-2.6.7.jar;C:\Users\Abhishek Kanaujiya\.m2\repository\org\springframework\boot\spring-boot-starter\2.6.7\spring-boot-starter-2.6.7.jar;C:\Users\Abhishek Kanaujiya\.m2\repository\org\springframework\boot\spring-boot\2.6.7\spring-boot-2.6.7.jar;C:\Users\Abhishek Kanaujiya\.m2\repository\org\springframework\spring-context\5.3.19\spring-context-5.3.19.jar;C:\Users\Abhishek Kanaujiya\.m2\repository\org\springframework\boot\spring-boot-autoconfigure\2.6.7\spring-boot-autoconfigure-2.6.7.jar;C:\Users\Abhishek Kanaujiya\.m2\repository\org\springframework\boot\spring-boot-starter-logging\2.6.7\spring-boot-starter-logging-2.6.7.jar;C:\Users\Abhishek Kanaujiya\.m2\repository\ch\qos\logback\logback-classic\1.2.11\logback-classic-1.2.11.jar;C:\Users\Abhishek Kanaujiya\.m2\repository\ch\qos\logback\logback-core\1.2.11\logback-core-1.2.11.jar;C:\Users\Abhishek Kanaujiya\.m2\repository\org\apache\logging\log4j\log4j-to-slf4j\2.17.2\log4j-to-slf4j-2.17.2.jar;C:\Users\Abhishek Kanaujiya\.m2\repository\org\apache\logging\log4j\log4j-api\2.17.2\log4j-api-2.17.2.jar;C:\Users\Abhishek Kanaujiya\.m2\repository\org\slf4j\jul-to-slf4j\1.7.36\jul-to-slf4j-1.7.36.jar;C:\Users\Abhishek Kanaujiya\.m2\repository\jakarta\annotation\jakarta.annotation-api\1.3.5\jakarta.annotation-api-1.3.5.jar;C:\Users\Abhishek Kanaujiya\.m2\repository\org\yaml\snakeyaml\1.29\snakeyaml-1.29.jar;C:\Users\Abhishek Kanaujiya\.m2\repository\org\springframework\boot\spring-boot-test\2.6.7\spring-boot-test-2.6.7.jar;C:\Users\Abhishek Kanaujiya\.m2\repository\org\springframework\boot\spring-boot-test-autoconfigure\2.6.7\spring-boot-test-autoconfigure-2.6.7.jar;C:\Users\Abhishek Kanaujiya\.m2\repository\com\jayway\jsonpath\json-path\2.6.0\json-path-2.6.0.jar;C:\Users\Abhishek Kanaujiya\.m2\repository\net\minidev\json-smart\2.4.8\json-smart-2.4.8.jar;C:\Users\Abhishek Kanaujiya\.m2\repository\net\minidev\accessors-smart\2.4.8\accessors-smart-2.4.8.jar;C:\Users\Abhishek Kanaujiya\.m2\repository\org\ow2\asm\asm\9.1\asm-9.1.jar;C:\Users\Abhishek Kanaujiya\.m2\repository\jakarta\xml\bind\jakarta.xml.bind-api\2.3.3\jakarta.xml.bind-api-2.3.3.jar;C:\Users\Abhishek Kanaujiya\.m2\repository\jakarta\activation\jakarta.activation-api\1.2.2\jakarta.activation-api-1.2.2.jar;C:\Users\Abhishek Kanaujiya\.m2\repository\org\assertj\assertj-core\3.21.0\assertj-core-3.21.0.jar;C:\Users\Abhishek Kanaujiya\.m2\repository\org\hamcrest\hamcrest\2.2\hamcrest-2.2.jar;C:\Users\Abhishek Kanaujiya\.m2\repository\org\junit\jupiter\junit-jupiter\5.8.2\junit-jupiter-5.8.2.jar;C:\Users\Abhishek Kanaujiya\.m2\repository\org\junit\jupiter\junit-jupiter-api\5.8.2\junit-jupiter-api-5.8.2.jar;C:\Users\Abhishek Kanaujiya\.m2\repository\org\junit\jupiter\junit-jupiter-params\5.8.2\junit-jupiter-params-5.8.2.jar;C:\Users\Abhishek Kanaujiya\.m2\repository\org\junit\jupiter\junit-jupiter-engine\5.8.2\junit-jupiter-engine-5.8.2.jar;C:\Users\Abhishek Kanaujiya\.m2\repository\org\mockito\mockito-core\4.0.0\mockito-core-4.0.0.jar;C:\Users\Abhishek Kanaujiya\.m2\repository\net\bytebuddy\byte-buddy\1.11.22\byte-buddy-1.11.22.jar;C:\Users\Abhishek Kanaujiya\.m2\repository\net\bytebuddy\byte-buddy-agent\1.11.22\byte-buddy-agent-1.11.22.jar;C:\Users\Abhishek Kanaujiya\.m2\repository\org\objenesis\objenesis\3.2\objenesis-3.2.jar;C:\Users\Abhishek Kanaujiya\.m2\repository\org\mockito\mockito-junit-jupiter\4.0.0\mockito-junit-jupiter-4.0.0.jar;C:\Users\Abhishek Kanaujiya\.m2\repository\org\skyscreamer\jsonassert\1.5.0\jsonassert-1.5.0.jar;C:\Users\Abhishek Kanaujiya\.m2\repository\com\vaadin\external\google\android-json\0.0.20131108.vaadin1\android-json-0.0.20131108.vaadin1.jar;C:\Users\Abhishek Kanaujiya\.m2\repository\org\springframework\spring-core\5.3.19\spring-core-5.3.19.jar;C:\Users\Abhishek Kanaujiya\.m2\repository\org\springframework\spring-jcl\5.3.19\spring-jcl-5.3.19.jar;C:\Users\Abhishek Kanaujiya\.m2\repository\org\springframework\spring-test\5.3.19\spring-test-5.3.19.jar;C:\Users\Abhishek Kanaujiya\.m2\repository\org\xmlunit\xmlunit-core\2.8.4\xmlunit-core-2.8.4.jar;C:\Users\Abhishek Kanaujiya\.m2\repository\org\junit\vintage\junit-vintage-engine\5.8.2\junit-vintage-engine-5.8.2.jar;C:\Users\Abhishek Kanaujiya\.m2\repository\org\junit\platform\junit-platform-engine\1.8.2\junit-platform-engine-1.8.2.jar;C:\Users\Abhishek Kanaujiya\.m2\repository\org\opentest4j\opentest4j\1.2.0\opentest4j-1.2.0.jar;C:\Users\Abhishek Kanaujiya\.m2\repository\org\junit\platform\junit-platform-commons\1.8.2\junit-platform-commons-1.8.2.jar;C:\Users\Abhishek Kanaujiya\.m2\repository\junit\junit\4.13.2\junit-4.13.2.jar;C:\Users\Abhishek Kanaujiya\.m2\repository\org\apiguardian\apiguardian-api\1.1.2\apiguardian-api-1.1.2.jar;"/>
    <property name="java.vm.vendor" value="Oracle Corporation"/>
    <property name="sun.arch.data.model" value="64"/>
    <property name="user.variant" value=""/>
    <property name="java.vendor.url" value="http://java.oracle.com/"/>
    <property name="user.timezone" value="Asia/Calcutta"/>
    <property name="java.vm.specification.version" value="1.8"/>
    <property name="os.name" value="Windows 10"/>
    <property name="user.country" value="IN"/>
    <property name="sun.java.launcher" value="SUN_STANDARD"/>
    <property name="sun.boot.library.path" value="C:\Program Files\Java\jdk1.8.0_241\jre\bin"/>
    <property name="sun.java.command" value="C:\Users\Abhishek Kanaujiya\AppData\Local\Temp\surefire4387730398076270465\surefirebooter99527842915799365.jar C:\Users\Abhishek Kanaujiya\AppData\Local\Temp\surefire4387730398076270465 2022-05-30T11-47-15_617-jvmRun1 surefire2833162041084413868tmp surefire_06141496538380993790tmp"/>
    <property name="surefire.test.class.path" value="C:\Users\Abhishek Kanaujiya\Desktop\rest_api\springp\integration-tests\target\test-classes;C:\Users\Abhishek Kanaujiya\Desktop\rest_api\springp\integration-tests\target\classes;C:\Users\Abhishek Kanaujiya\Desktop\rest_api\springp\srv\target\sprngp.jar;C:\Users\Abhishek Kanaujiya\.m2\repository\com\sap\cds\cds-starter-spring-boot\1.24.0\cds-starter-spring-boot-1.24.0.jar;C:\Users\Abhishek Kanaujiya\.m2\repository\com\sap\cds\cds-services-api\1.24.0\cds-services-api-1.24.0.jar;C:\Users\Abhishek Kanaujiya\.m2\repository\com\sap\cds\cds4j-api\1.28.0\cds4j-api-1.28.0.jar;C:\Users\Abhishek Kanaujiya\.m2\repository\com\sap\cds\cds-services-impl\1.24.0\cds-services-impl-1.24.0.jar;C:\Users\Abhishek Kanaujiya\.m2\repository\com\sap\cds\cds-feature-jdbc\1.24.0\cds-feature-jdbc-1.24.0.jar;C:\Users\Abhishek Kanaujiya\.m2\repository\com\sap\cds\cds4j-runtime\1.28.0\cds4j-runtime-1.28.0.jar;C:\Users\Abhishek Kanaujiya\.m2\repository\com\sap\cds\cds4j-jdbc-spi\1.28.0\cds4j-jdbc-spi-1.28.0.jar;C:\Users\Abhishek Kanaujiya\.m2\repository\com\sap\cds\cds4j-tx\1.28.0\cds4j-tx-1.28.0.jar;C:\Users\Abhishek Kanaujiya\.m2\repository\com\sap\cds\cds-framework-spring-boot\1.24.0\cds-framework-spring-boot-1.24.0.jar;C:\Users\Abhishek Kanaujiya\.m2\repository\org\springframework\boot\spring-boot-starter-web\2.6.7\spring-boot-starter-web-2.6.7.jar;C:\Users\Abhishek Kanaujiya\.m2\repository\org\springframework\boot\spring-boot-starter-json\2.6.7\spring-boot-starter-json-2.6.7.jar;C:\Users\Abhishek Kanaujiya\.m2\repository\com\fasterxml\jackson\datatype\jackson-datatype-jdk8\2.13.2\jackson-datatype-jdk8-2.13.2.jar;C:\Users\Abhishek Kanaujiya\.m2\repository\com\fasterxml\jackson\datatype\jackson-datatype-jsr310\2.13.2\jackson-datatype-jsr310-2.13.2.jar;C:\Users\Abhishek Kanaujiya\.m2\repository\com\fasterxml\jackson\module\jackson-module-parameter-names\2.13.2\jackson-module-parameter-names-2.13.2.jar;C:\Users\Abhishek Kanaujiya\.m2\repository\org\springframework\boot\spring-boot-starter-tomcat\2.6.7\spring-boot-starter-tomcat-2.6.7.jar;C:\Users\Abhishek Kanaujiya\.m2\repository\org\apache\tomcat\embed\tomcat-embed-core\9.0.62\tomcat-embed-core-9.0.62.jar;C:\Users\Abhishek Kanaujiya\.m2\repository\org\apache\tomcat\embed\tomcat-embed-el\9.0.62\tomcat-embed-el-9.0.62.jar;C:\Users\Abhishek Kanaujiya\.m2\repository\org\apache\tomcat\embed\tomcat-embed-websocket\9.0.62\tomcat-embed-websocket-9.0.62.jar;C:\Users\Abhishek Kanaujiya\.m2\repository\org\springframework\spring-web\5.3.19\spring-web-5.3.19.jar;C:\Users\Abhishek Kanaujiya\.m2\repository\org\springframework\spring-beans\5.3.19\spring-beans-5.3.19.jar;C:\Users\Abhishek Kanaujiya\.m2\repository\org\springframework\spring-webmvc\5.3.19\spring-webmvc-5.3.19.jar;C:\Users\Abhishek Kanaujiya\.m2\repository\org\springframework\spring-aop\5.3.19\spring-aop-5.3.19.jar;C:\Users\Abhishek Kanaujiya\.m2\repository\org\springframework\spring-expression\5.3.19\spring-expression-5.3.19.jar;C:\Users\Abhishek Kanaujiya\.m2\repository\org\springframework\boot\spring-boot-starter-jdbc\2.6.7\spring-boot-starter-jdbc-2.6.7.jar;C:\Users\Abhishek Kanaujiya\.m2\repository\com\zaxxer\HikariCP\4.0.3\HikariCP-4.0.3.jar;C:\Users\Abhishek Kanaujiya\.m2\repository\org\springframework\spring-jdbc\5.3.19\spring-jdbc-5.3.19.jar;C:\Users\Abhishek Kanaujiya\.m2\repository\org\springframework\spring-tx\5.3.19\spring-tx-5.3.19.jar;C:\Users\Abhishek Kanaujiya\.m2\repository\com\sap\cds\cds-adapter-odata-v4\1.24.0\cds-adapter-odata-v4-1.24.0.jar;C:\Users\Abhishek Kanaujiya\.m2\repository\com\sap\cds\cds-adapter-api\1.24.0\cds-adapter-api-1.24.0.jar;C:\Users\Abhishek Kanaujiya\.m2\repository\com\sap\cds\cds-services-utils\1.24.0\cds-services-utils-1.24.0.jar;C:\Users\Abhishek Kanaujiya\.m2\repository\javax\jms\javax.jms-api\2.0.1\javax.jms-api-2.0.1.jar;C:\Users\Abhishek Kanaujiya\.m2\repository\org\apache\httpcomponents\httpclient\4.5.13\httpclient-4.5.13.jar;C:\Users\Abhishek Kanaujiya\.m2\repository\org\apache\httpcomponents\httpcore\4.4.15\httpcore-4.4.15.jar;C:\Users\Abhishek Kanaujiya\.m2\repository\commons-codec\commons-codec\1.15\commons-codec-1.15.jar;C:\Users\Abhishek Kanaujiya\.m2\repository\com\sap\cds\cds4j-core\1.28.0\cds4j-core-1.28.0.jar;C:\Users\Abhishek Kanaujiya\.m2\repository\com\google\guava\guava\30.1-jre\guava-30.1-jre.jar;C:\Users\Abhishek Kanaujiya\.m2\repository\com\google\guava\failureaccess\1.0.1\failureaccess-1.0.1.jar;C:\Users\Abhishek Kanaujiya\.m2\repository\com\google\guava\listenablefuture\9999.0-empty-to-avoid-conflict-with-guava\listenablefuture-9999.0-empty-to-avoid-conflict-with-guava.jar;C:\Users\Abhishek Kanaujiya\.m2\repository\com\google\code\findbugs\jsr305\3.0.2\jsr305-3.0.2.jar;C:\Users\Abhishek Kanaujiya\.m2\repository\org\checkerframework\checker-qual\3.5.0\checker-qual-3.5.0.jar;C:\Users\Abhishek Kanaujiya\.m2\repository\com\google\errorprone\error_prone_annotations\2.3.4\error_prone_annotations-2.3.4.jar;C:\Users\Abhishek Kanaujiya\.m2\repository\com\google\j2objc\j2objc-annotations\1.3\j2objc-annotations-1.3.jar;C:\Users\Abhishek Kanaujiya\.m2\repository\com\sap\cloud\mt\cds-mtx\1.15.0\cds-mtx-1.15.0.jar;C:\Users\Abhishek Kanaujiya\.m2\repository\com\sap\cloud\security\xsuaa\token-client\2.11.16\token-client-2.11.16.jar;C:\Users\Abhishek Kanaujiya\.m2\repository\com\sap\cloud\security\xsuaa\api\2.11.16\api-2.11.16.jar;C:\Users\Abhishek Kanaujiya\.m2\repository\com\sap\cloud\security\java-api\2.11.16\java-api-2.11.16.jar;C:\Users\Abhishek Kanaujiya\.m2\repository\org\json\json\20220320\json-20220320.jar;C:\Users\Abhishek Kanaujiya\.m2\repository\com\github\ben-manes\caffeine\caffeine\2.9.3\caffeine-2.9.3.jar;C:\Users\Abhishek Kanaujiya\.m2\repository\commons-io\commons-io\2.11.0\commons-io-2.11.0.jar;C:\Users\Abhishek Kanaujiya\.m2\repository\com\sap\cloud\sdk\cloudplatform\cloudplatform-connectivity\3.67.0\cloudplatform-connectivity-3.67.0.jar;C:\Users\Abhishek Kanaujiya\.m2\repository\com\sap\cloud\sdk\cloudplatform\cloudplatform-core\3.67.0\cloudplatform-core-3.67.0.jar;C:\Users\Abhishek Kanaujiya\.m2\repository\com\google\code\gson\gson\2.8.9\gson-2.8.9.jar;C:\Users\Abhishek Kanaujiya\.m2\repository\com\sap\cloud\sdk\cloudplatform\caching\3.67.0\caching-3.67.0.jar;C:\Users\Abhishek Kanaujiya\.m2\repository\com\sap\cloud\sdk\cloudplatform\security\3.67.0\security-3.67.0.jar;C:\Users\Abhishek Kanaujiya\.m2\repository\com\sap\cloud\sdk\cloudplatform\tenant\3.67.0\tenant-3.67.0.jar;C:\Users\Abhishek Kanaujiya\.m2\repository\com\sap\cloud\sdk\cloudplatform\servlet\3.67.0\servlet-3.67.0.jar;C:\Users\Abhishek Kanaujiya\.m2\repository\com\sap\cloud\sdk\quality\common\3.67.0\common-3.67.0.jar;C:\Users\Abhishek Kanaujiya\.m2\repository\org\apache\commons\commons-csv\1.9.0\commons-csv-1.9.0.jar;C:\Users\Abhishek Kanaujiya\.m2\repository\org\slf4j\jcl-over-slf4j\1.7.36\jcl-over-slf4j-1.7.36.jar;C:\Users\Abhishek Kanaujiya\.m2\repository\io\vavr\vavr\0.10.4\vavr-0.10.4.jar;C:\Users\Abhishek Kanaujiya\.m2\repository\io\vavr\vavr-match\0.10.4\vavr-match-0.10.4.jar;C:\Users\Abhishek Kanaujiya\.m2\repository\com\mikesamuel\json-sanitizer\1.2.3\json-sanitizer-1.2.3.jar;C:\Users\Abhishek Kanaujiya\.m2\repository\com\sap\cloud\mt\tools\1.15.0\tools-1.15.0.jar;C:\Users\Abhishek Kanaujiya\.m2\repository\com\sap\cloud\security\env\2.11.16\env-2.11.16.jar;C:\Users\Abhishek Kanaujiya\.m2\repository\com\sap\cds\repackaged\odata-v4-lib\1.24.0\odata-v4-lib-1.24.0.jar;C:\Users\Abhishek Kanaujiya\.m2\repository\com\fasterxml\jackson\dataformat\jackson-dataformat-xml\2.13.2\jackson-dataformat-xml-2.13.2.jar;C:\Users\Abhishek Kanaujiya\.m2\repository\org\codehaus\woodstox\stax2-api\4.2.1\stax2-api-4.2.1.jar;C:\Users\Abhishek Kanaujiya\.m2\repository\com\fasterxml\woodstox\woodstox-core\6.2.7\woodstox-core-6.2.7.jar;C:\Users\Abhishek Kanaujiya\.m2\repository\com\fasterxml\aalto-xml\1.2.1\aalto-xml-1.2.1.jar;C:\Users\Abhishek Kanaujiya\.m2\repository\org\apache\commons\commons-lang3\3.12.0\commons-lang3-3.12.0.jar;C:\Users\Abhishek Kanaujiya\.m2\repository\org\slf4j\slf4j-api\1.7.36\slf4j-api-1.7.36.jar;C:\Users\Abhishek Kanaujiya\.m2\repository\com\h2database\h2\1.4.200\h2-1.4.200.jar;C:\Users\Abhishek Kanaujiya\.m2\repository\com\sap\cds\cds-starter-cloudfoundry\1.24.0\cds-starter-cloudfoundry-1.24.0.jar;C:\Users\Abhishek Kanaujiya\.m2\repository\com\sap\cds\cds-feature-hana\1.24.0\cds-feature-hana-1.24.0.jar;C:\Users\Abhishek Kanaujiya\.m2\repository\com\sap\cloud\db\jdbc\ngdbc\2.12.9\ngdbc-2.12.9.jar;C:\Users\Abhishek Kanaujiya\.m2\repository\com\sap\cds\cds-feature-mt\1.24.0\cds-feature-mt-1.24.0.jar;C:\Users\Abhishek Kanaujiya\.m2\repository\com\sap\cloud\mt\multi-tenant-runtime\1.15.0\multi-tenant-runtime-1.15.0.jar;C:\Users\Abhishek Kanaujiya\.m2\repository\com\sap\cloud\mt\multi-tenant-subscription\1.15.0\multi-tenant-subscription-1.15.0.jar;C:\Users\Abhishek Kanaujiya\.m2\repository\com\sap\cloud\instancemanager\client\2.0.13\client-2.0.13.jar;C:\Users\Abhishek Kanaujiya\.m2\repository\com\sap\cloud\security\java-security\2.11.3\java-security-2.11.3.jar;C:\Users\Abhishek Kanaujiya\.m2\repository\com\sap\cloud\instancemanager\util\2.0.13\util-2.0.13.jar;C:\Users\Abhishek Kanaujiya\.m2\repository\com\sap\cloud\instancemanager\client-api\2.0.13\client-api-2.0.13.jar;C:\Users\Abhishek Kanaujiya\.m2\repository\com\sap\cds\cds-integration-cloud-sdk\1.24.0\cds-integration-cloud-sdk-1.24.0.jar;C:\Users\Abhishek Kanaujiya\.m2\repository\com\sap\cloud\sdk\frameworks\resilience4j\3.67.0\resilience4j-3.67.0.jar;C:\Users\Abhishek Kanaujiya\.m2\repository\com\sap\cloud\sdk\cloudplatform\resilience\3.67.0\resilience-3.67.0.jar;C:\Users\Abhishek Kanaujiya\.m2\repository\io\github\resilience4j\resilience4j-circuitbreaker\1.7.1\resilience4j-circuitbreaker-1.7.1.jar;C:\Users\Abhishek Kanaujiya\.m2\repository\io\github\resilience4j\resilience4j-core\1.7.1\resilience4j-core-1.7.1.jar;C:\Users\Abhishek Kanaujiya\.m2\repository\io\github\resilience4j\resilience4j-bulkhead\1.7.1\resilience4j-bulkhead-1.7.1.jar;C:\Users\Abhishek Kanaujiya\.m2\repository\io\github\resilience4j\resilience4j-timelimiter\1.7.1\resilience4j-timelimiter-1.7.1.jar;C:\Users\Abhishek Kanaujiya\.m2\repository\io\github\resilience4j\resilience4j-cache\1.7.1\resilience4j-cache-1.7.1.jar;C:\Users\Abhishek Kanaujiya\.m2\repository\javax\cache\cache-api\1.1.1\cache-api-1.1.1.jar;C:\Users\Abhishek Kanaujiya\.m2\repository\io\github\resilience4j\resilience4j-retry\1.7.1\resilience4j-retry-1.7.1.jar;C:\Users\Abhishek Kanaujiya\.m2\repository\io\github\resilience4j\resilience4j-ratelimiter\1.7.1\resilience4j-ratelimiter-1.7.1.jar;C:\Users\Abhishek Kanaujiya\.m2\repository\com\sap\cds\cds-feature-xsuaa\1.24.0\cds-feature-xsuaa-1.24.0.jar;C:\Users\Abhishek Kanaujiya\.m2\repository\com\sap\cloud\security\xsuaa\xsuaa-spring-boot-starter\2.11.16\xsuaa-spring-boot-starter-2.11.16.jar;C:\Users\Abhishek Kanaujiya\.m2\repository\com\sap\cloud\security\xsuaa\spring-xsuaa\2.11.16\spring-xsuaa-2.11.16.jar;C:\Users\Abhishek Kanaujiya\.m2\repository\org\springframework\boot\spring-boot-starter-security\2.6.7\spring-boot-starter-security-2.6.7.jar;C:\Users\Abhishek Kanaujiya\.m2\repository\org\springframework\security\spring-security-config\5.6.3\spring-security-config-5.6.3.jar;C:\Users\Abhishek Kanaujiya\.m2\repository\org\springframework\security\spring-security-web\5.6.3\spring-security-web-5.6.3.jar;C:\Users\Abhishek Kanaujiya\.m2\repository\org\springframework\security\spring-security-oauth2-jose\5.6.3\spring-security-oauth2-jose-5.6.3.jar;C:\Users\Abhishek Kanaujiya\.m2\repository\org\springframework\security\spring-security-core\5.6.3\spring-security-core-5.6.3.jar;C:\Users\Abhishek Kanaujiya\.m2\repository\org\springframework\security\spring-security-crypto\5.6.3\spring-security-crypto-5.6.3.jar;C:\Users\Abhishek Kanaujiya\.m2\repository\org\springframework\security\spring-security-oauth2-core\5.6.3\spring-security-oauth2-core-5.6.3.jar;C:\Users\Abhishek Kanaujiya\.m2\repository\com\nimbusds\nimbus-jose-jwt\9.14\nimbus-jose-jwt-9.14.jar;C:\Users\Abhishek Kanaujiya\.m2\repository\com\github\stephenc\jcip\jcip-annotations\1.0-1\jcip-annotations-1.0-1.jar;C:\Users\Abhishek Kanaujiya\.m2\repository\org\springframework\security\spring-security-oauth2-resource-server\5.6.3\spring-security-oauth2-resource-server-5.6.3.jar;C:\Users\Abhishek Kanaujiya\.m2\repository\com\sap\cds\cds-feature-cloudfoundry\1.24.0\cds-feature-cloudfoundry-1.24.0.jar;C:\Users\Abhishek Kanaujiya\.m2\repository\com\fasterxml\jackson\core\jackson-databind\2.13.2.1\jackson-databind-2.13.2.1.jar;C:\Users\Abhishek Kanaujiya\.m2\repository\com\fasterxml\jackson\core\jackson-annotations\2.13.2\jackson-annotations-2.13.2.jar;C:\Users\Abhishek Kanaujiya\.m2\repository\com\fasterxml\jackson\core\jackson-core\2.13.2\jackson-core-2.13.2.jar;C:\Users\Abhishek Kanaujiya\.m2\repository\org\xerial\sqlite-jdbc\3.36.0.3\sqlite-jdbc-3.36.0.3.jar;C:\Users\Abhishek Kanaujiya\.m2\repository\org\springframework\boot\spring-boot-starter-test\2.6.7\spring-boot-starter-test-2.6.7.jar;C:\Users\Abhishek Kanaujiya\.m2\repository\org\springframework\boot\spring-boot-starter\2.6.7\spring-boot-starter-2.6.7.jar;C:\Users\Abhishek Kanaujiya\.m2\repository\org\springframework\boot\spring-boot\2.6.7\spring-boot-2.6.7.jar;C:\Users\Abhishek Kanaujiya\.m2\repository\org\springframework\spring-context\5.3.19\spring-context-5.3.19.jar;C:\Users\Abhishek Kanaujiya\.m2\repository\org\springframework\boot\spring-boot-autoconfigure\2.6.7\spring-boot-autoconfigure-2.6.7.jar;C:\Users\Abhishek Kanaujiya\.m2\repository\org\springframework\boot\spring-boot-starter-logging\2.6.7\spring-boot-starter-logging-2.6.7.jar;C:\Users\Abhishek Kanaujiya\.m2\repository\ch\qos\logback\logback-classic\1.2.11\logback-classic-1.2.11.jar;C:\Users\Abhishek Kanaujiya\.m2\repository\ch\qos\logback\logback-core\1.2.11\logback-core-1.2.11.jar;C:\Users\Abhishek Kanaujiya\.m2\repository\org\apache\logging\log4j\log4j-to-slf4j\2.17.2\log4j-to-slf4j-2.17.2.jar;C:\Users\Abhishek Kanaujiya\.m2\repository\org\apache\logging\log4j\log4j-api\2.17.2\log4j-api-2.17.2.jar;C:\Users\Abhishek Kanaujiya\.m2\repository\org\slf4j\jul-to-slf4j\1.7.36\jul-to-slf4j-1.7.36.jar;C:\Users\Abhishek Kanaujiya\.m2\repository\jakarta\annotation\jakarta.annotation-api\1.3.5\jakarta.annotation-api-1.3.5.jar;C:\Users\Abhishek Kanaujiya\.m2\repository\org\yaml\snakeyaml\1.29\snakeyaml-1.29.jar;C:\Users\Abhishek Kanaujiya\.m2\repository\org\springframework\boot\spring-boot-test\2.6.7\spring-boot-test-2.6.7.jar;C:\Users\Abhishek Kanaujiya\.m2\repository\org\springframework\boot\spring-boot-test-autoconfigure\2.6.7\spring-boot-test-autoconfigure-2.6.7.jar;C:\Users\Abhishek Kanaujiya\.m2\repository\com\jayway\jsonpath\json-path\2.6.0\json-path-2.6.0.jar;C:\Users\Abhishek Kanaujiya\.m2\repository\net\minidev\json-smart\2.4.8\json-smart-2.4.8.jar;C:\Users\Abhishek Kanaujiya\.m2\repository\net\minidev\accessors-smart\2.4.8\accessors-smart-2.4.8.jar;C:\Users\Abhishek Kanaujiya\.m2\repository\org\ow2\asm\asm\9.1\asm-9.1.jar;C:\Users\Abhishek Kanaujiya\.m2\repository\jakarta\xml\bind\jakarta.xml.bind-api\2.3.3\jakarta.xml.bind-api-2.3.3.jar;C:\Users\Abhishek Kanaujiya\.m2\repository\jakarta\activation\jakarta.activation-api\1.2.2\jakarta.activation-api-1.2.2.jar;C:\Users\Abhishek Kanaujiya\.m2\repository\org\assertj\assertj-core\3.21.0\assertj-core-3.21.0.jar;C:\Users\Abhishek Kanaujiya\.m2\repository\org\hamcrest\hamcrest\2.2\hamcrest-2.2.jar;C:\Users\Abhishek Kanaujiya\.m2\repository\org\junit\jupiter\junit-jupiter\5.8.2\junit-jupiter-5.8.2.jar;C:\Users\Abhishek Kanaujiya\.m2\repository\org\junit\jupiter\junit-jupiter-api\5.8.2\junit-jupiter-api-5.8.2.jar;C:\Users\Abhishek Kanaujiya\.m2\repository\org\junit\jupiter\junit-jupiter-params\5.8.2\junit-jupiter-params-5.8.2.jar;C:\Users\Abhishek Kanaujiya\.m2\repository\org\junit\jupiter\junit-jupiter-engine\5.8.2\junit-jupiter-engine-5.8.2.jar;C:\Users\Abhishek Kanaujiya\.m2\repository\org\mockito\mockito-core\4.0.0\mockito-core-4.0.0.jar;C:\Users\Abhishek Kanaujiya\.m2\repository\net\bytebuddy\byte-buddy\1.11.22\byte-buddy-1.11.22.jar;C:\Users\Abhishek Kanaujiya\.m2\repository\net\bytebuddy\byte-buddy-agent\1.11.22\byte-buddy-agent-1.11.22.jar;C:\Users\Abhishek Kanaujiya\.m2\repository\org\objenesis\objenesis\3.2\objenesis-3.2.jar;C:\Users\Abhishek Kanaujiya\.m2\repository\org\mockito\mockito-junit-jupiter\4.0.0\mockito-junit-jupiter-4.0.0.jar;C:\Users\Abhishek Kanaujiya\.m2\repository\org\skyscreamer\jsonassert\1.5.0\jsonassert-1.5.0.jar;C:\Users\Abhishek Kanaujiya\.m2\repository\com\vaadin\external\google\android-json\0.0.20131108.vaadin1\android-json-0.0.20131108.vaadin1.jar;C:\Users\Abhishek Kanaujiya\.m2\repository\org\springframework\spring-core\5.3.19\spring-core-5.3.19.jar;C:\Users\Abhishek Kanaujiya\.m2\repository\org\springframework\spring-jcl\5.3.19\spring-jcl-5.3.19.jar;C:\Users\Abhishek Kanaujiya\.m2\repository\org\springframework\spring-test\5.3.19\spring-test-5.3.19.jar;C:\Users\Abhishek Kanaujiya\.m2\repository\org\xmlunit\xmlunit-core\2.8.4\xmlunit-core-2.8.4.jar;C:\Users\Abhishek Kanaujiya\.m2\repository\org\junit\vintage\junit-vintage-engine\5.8.2\junit-vintage-engine-5.8.2.jar;C:\Users\Abhishek Kanaujiya\.m2\repository\org\junit\platform\junit-platform-engine\1.8.2\junit-platform-engine-1.8.2.jar;C:\Users\Abhishek Kanaujiya\.m2\repository\org\opentest4j\opentest4j\1.2.0\opentest4j-1.2.0.jar;C:\Users\Abhishek Kanaujiya\.m2\repository\org\junit\platform\junit-platform-commons\1.8.2\junit-platform-commons-1.8.2.jar;C:\Users\Abhishek Kanaujiya\.m2\repository\junit\junit\4.13.2\junit-4.13.2.jar;C:\Users\Abhishek Kanaujiya\.m2\repository\org\apiguardian\apiguardian-api\1.1.2\apiguardian-api-1.1.2.jar;"/>
    <property name="sun.cpu.endian" value="little"/>
    <property name="user.home" value="C:\Users\Abhishek Kanaujiya"/>
    <property name="user.language" value="en"/>
    <property name="java.specification.vendor" value="Oracle Corporation"/>
    <property name="java.home" value="C:\Program Files\Java\jdk1.8.0_241\jre"/>
    <property name="basedir" value="C:\Users\Abhishek Kanaujiya\Desktop\rest_api\springp\integration-tests"/>
    <property name="file.separator" value="\"/>
    <property name="line.separator" value="&#10;"/>
    <property name="java.vm.specification.vendor" value="Oracle Corporation"/>
    <property name="java.specification.name" value="Java Platform API Specification"/>
    <property name="FILE_LOG_CHARSET" value="windows-1252"/>
    <property name="java.awt.graphicsenv" value="sun.awt.Win32GraphicsEnvironment"/>
    <property name="java.awt.headless" value="true"/>
    <property name="surefire.real.class.path" value="C:\Users\Abhishek Kanaujiya\AppData\Local\Temp\surefire4387730398076270465\surefirebooter99527842915799365.jar;C:\\Users\\Abhishek Kanaujiya\\.m2\\repository\\org\\jacoco\\org.jacoco.agent\\0.8.6\\org.jacoco.agent-0.8.6-runtime.jar"/>
    <property name="sun.boot.class.path" value="C:\Program Files\Java\jdk1.8.0_241\jre\lib\resources.jar;C:\Program Files\Java\jdk1.8.0_241\jre\lib\rt.jar;C:\Program Files\Java\jdk1.8.0_241\jre\lib\sunrsasign.jar;C:\Program Files\Java\jdk1.8.0_241\jre\lib\jsse.jar;C:\Program Files\Java\jdk1.8.0_241\jre\lib\jce.jar;C:\Program Files\Java\jdk1.8.0_241\jre\lib\charsets.jar;C:\Program Files\Java\jdk1.8.0_241\jre\lib\jfr.jar;C:\Program Files\Java\jdk1.8.0_241\jre\classes"/>
    <property name="user.script" value=""/>
    <property name="sun.management.compiler" value="HotSpot 64-Bit Tiered Compilers"/>
    <property name="java.runtime.version" value="1.8.0_241-b07"/>
    <property name="user.name" value="Abhishek Kanaujiya"/>
    <property name="path.separator" value=";"/>
    <property name="os.version" value="10.0"/>
    <property name="java.endorsed.dirs" value="C:\Program Files\Java\jdk1.8.0_241\jre\lib\endorsed"/>
    <property name="java.runtime.name" value="Java(TM) SE Runtime Environment"/>
    <property name="file.encoding" value="Cp1252"/>
    <property name="spring.beaninfo.ignore" value="true"/>
    <property name="java.vm.name" value="Java HotSpot(TM) 64-Bit Server VM"/>
    <property name="localRepository" value="C:\Users\Abhishek Kanaujiya\.m2\repository"/>
    <property name="java.vendor.url.bug" value="http://bugreport.sun.com/bugreport/"/>
    <property name="java.io.tmpdir" value="C:\Users\ABHISH~1\AppData\Local\Temp\"/>
    <property name="com.zaxxer.hikari.pool_number" value="1"/>
    <property name="java.version" value="1.8.0_241"/>
    <property name="user.dir" value="C:\Users\Abhishek Kanaujiya\Desktop\rest_api\springp\integration-tests"/>
    <property name="os.arch" value="amd64"/>
    <property name="surefire.forkDir" value="C:\Users\Abhishek Kanaujiya\Desktop\rest_api\springp\integration-tests\target/surefire-fork/1/"/>
    <property name="java.vm.specification.name" value="Java Virtual Machine Specification"/>
    <property name="PID" value="24912"/>
    <property name="java.awt.printerjob" value="sun.awt.windows.WPrinterJob"/>
    <property name="sun.os.patch.level" value=""/>
    <property name="CONSOLE_LOG_CHARSET" value="windows-1252"/>
    <property name="org.slf4j.simpleLogger.defaultLogLevel" value="info"/>
    <property name="java.library.path" value="C:\Program Files\Java\jdk1.8.0_241\jre\bin;C:\WINDOWS\Sun\Java\bin;C:\WINDOWS\system32;C:\WINDOWS;C:\Program Files\Eclipse Adoptium\jdk-17.0.3.7-hotspot\bin;C:\python102\Scripts\;C:\python102\;C:\Program Files (x86)\VMware\VMware Player\bin\;C:\Program Files (x86)\Common Files\Oracle\Java\javapath;C:\WINDOWS\system32;C:\WINDOWS;C:\WINDOWS\System32\Wbem;C:\WINDOWS\System32\WindowsPowerShell\v1.0\;C:\WINDOWS\System32\OpenSSH\;C:\Program Files\Java\jdk1.8.0_241\bin;C:\MinGW\bin;C:\Program Files\gnuplot\bin;C:\Program Files\Git\cmd;C:\Users\Abhishek Kanaujiya\AppData\Roaming\Microsoft\Windows\Start Menu\Programs\Python 3.10;C:\ProgramData\chocolatey\bin;C:\Users\Abhishek Kanaujiya\AppData\Local\Microsoft\WindowsApps;C:\Users\Abhishek Kanaujiya\AppData\Local\Programs\Microsoft VS Code\bin;C:\Users\Abhishek Kanaujiya\AppData\Local\atom\bin;C:\Users\Abhishek Kanaujiya\AppData\Roaming\npm;C:\Program Files\Java\jdk1.8.0_241\bin;;%MAVEN_HOME%\bin;C:\Program Files\nodejs\;C:\Program Files\Cloud Foundry;C:\Users\Abhishek Kanaujiya\AppData\Local\Microsoft\WindowsApps;C:\Users\Abhishek Kanaujiya\AppData\Local\Programs\Microsoft VS Code\bin;C:\Users\Abhishek Kanaujiya\AppData\Local\atom\bin;C:\Users\Abhishek Kanaujiya\AppData\Roaming\Microsoft\Windows\Start Menu\Programs\Python 3.10;C:\Users\Abhishek Kanaujiya\AppData\Roaming\Microsoft\Windows\Start Menu\Programs\Python 3.10;C:\Program Files\apache-maven-3.8.5\bin;C:\Users\Abhishek Kanaujiya\AppData\Roaming\npm;C:\sqlite;C:\sap_machine\sapmachine-jdk-18.0.1.1\bin;C:\Program Files\Cloud Foundry;;."/>
    <property name="java.vm.info" value="mixed mode"/>
    <property name="java.vendor" value="Oracle Corporation"/>
    <property name="java.vm.version" value="25.241-b07"/>
    <property name="java.ext.dirs" value="C:\Program Files\Java\jdk1.8.0_241\jre\lib\ext;C:\WINDOWS\Sun\Java\lib\ext"/>
    <property name="sun.io.unicode.encoding" value="UnicodeLittle"/>
    <property name="java.class.version" value="52.0"/>
  </properties>
  <testcase name="testReadBooks" classname="spring.it.CatalogServiceITestV4" time="2.357">
    <failure type="java.lang.AssertionError"><![CDATA[java.lang.AssertionError: JSON path "$.value[0].stock" expected:<100> but was:<12>
	at spring.it.CatalogServiceITestV4.testReadBooks(CatalogServiceITestV4.java:29)
]]></failure>
    <system-out><![CDATA[11:47:20.964 [main] DEBUG org.springframework.test.context.junit4.SpringJUnit4ClassRunner - SpringJUnit4ClassRunner constructor called with [class spring.it.CatalogServiceITestV4]
11:47:20.996 [main] DEBUG org.springframework.test.context.BootstrapUtils - Instantiating CacheAwareContextLoaderDelegate from class [org.springframework.test.context.cache.DefaultCacheAwareContextLoaderDelegate]
11:47:21.029 [main] DEBUG org.springframework.test.context.BootstrapUtils - Instantiating BootstrapContext using constructor [public org.springframework.test.context.support.DefaultBootstrapContext(java.lang.Class,org.springframework.test.context.CacheAwareContextLoaderDelegate)]
11:47:21.183 [main] DEBUG org.springframework.test.context.BootstrapUtils - Instantiating TestContextBootstrapper for test class [spring.it.CatalogServiceITestV4] from class [org.springframework.boot.test.context.SpringBootTestContextBootstrapper]
11:47:21.227 [main] INFO org.springframework.boot.test.context.SpringBootTestContextBootstrapper - Neither @ContextConfiguration nor @ContextHierarchy found for test class [spring.it.CatalogServiceITestV4], using SpringBootContextLoader
11:47:21.234 [main] DEBUG org.springframework.test.context.support.AbstractContextLoader - Did not detect default resource location for test class [spring.it.CatalogServiceITestV4]: class path resource [spring/it/CatalogServiceITestV4-context.xml] does not exist
11:47:21.243 [main] DEBUG org.springframework.test.context.support.AbstractContextLoader - Did not detect default resource location for test class [spring.it.CatalogServiceITestV4]: class path resource [spring/it/CatalogServiceITestV4Context.groovy] does not exist
11:47:21.244 [main] INFO org.springframework.test.context.support.AbstractContextLoader - Could not detect default resource locations for test class [spring.it.CatalogServiceITestV4]: no resource found for suffixes {-context.xml, Context.groovy}.
11:47:21.416 [main] DEBUG org.springframework.test.context.support.ActiveProfilesUtils - Could not find an 'annotation declaring class' for annotation type [org.springframework.test.context.ActiveProfiles] and class [spring.it.CatalogServiceITestV4]
11:47:21.850 [main] DEBUG org.springframework.boot.test.context.SpringBootTestContextBootstrapper - @TestExecutionListeners is not present for class [spring.it.CatalogServiceITestV4]: using defaults.
11:47:21.850 [main] INFO org.springframework.boot.test.context.SpringBootTestContextBootstrapper - Loaded default TestExecutionListener class names from location [META-INF/spring.factories]: [org.springframework.boot.test.mock.mockito.MockitoTestExecutionListener, org.springframework.boot.test.mock.mockito.ResetMocksTestExecutionListener, org.springframework.boot.test.autoconfigure.restdocs.RestDocsTestExecutionListener, org.springframework.boot.test.autoconfigure.web.client.MockRestServiceServerResetTestExecutionListener, org.springframework.boot.test.autoconfigure.web.servlet.MockMvcPrintOnlyOnFailureTestExecutionListener, org.springframework.boot.test.autoconfigure.web.servlet.WebDriverTestExecutionListener, org.springframework.boot.test.autoconfigure.webservices.client.MockWebServiceServerTestExecutionListener, org.springframework.test.context.web.ServletTestExecutionListener, org.springframework.test.context.support.DirtiesContextBeforeModesTestExecutionListener, org.springframework.test.context.event.ApplicationEventsTestExecutionListener, org.springframework.test.context.support.DependencyInjectionTestExecutionListener, org.springframework.test.context.support.DirtiesContextTestExecutionListener, org.springframework.test.context.transaction.TransactionalTestExecutionListener, org.springframework.test.context.jdbc.SqlScriptsTestExecutionListener, org.springframework.test.context.event.EventPublishingTestExecutionListener]
11:47:21.916 [main] INFO org.springframework.boot.test.context.SpringBootTestContextBootstrapper - Using TestExecutionListeners: [org.springframework.test.context.web.ServletTestExecutionListener@4be490da, org.springframework.test.context.support.DirtiesContextBeforeModesTestExecutionListener@4168f3d9, org.springframework.test.context.event.ApplicationEventsTestExecutionListener@353e6389, org.springframework.boot.test.mock.mockito.MockitoTestExecutionListener@15e8f9b2, org.springframework.boot.test.autoconfigure.SpringBootDependencyInjectionTestExecutionListener@7a65c995, org.springframework.test.context.support.DirtiesContextTestExecutionListener@7c950b3b, org.springframework.test.context.transaction.TransactionalTestExecutionListener@3af10d0b, org.springframework.test.context.jdbc.SqlScriptsTestExecutionListener@6806468e, org.springframework.test.context.event.EventPublishingTestExecutionListener@3c7b137a, org.springframework.boot.test.mock.mockito.ResetMocksTestExecutionListener@68631b1d, org.springframework.boot.test.autoconfigure.restdocs.RestDocsTestExecutionListener@5a48da4f, org.springframework.boot.test.autoconfigure.web.client.MockRestServiceServerResetTestExecutionListener@a0c5be, org.springframework.boot.test.autoconfigure.web.servlet.MockMvcPrintOnlyOnFailureTestExecutionListener@6424e613, org.springframework.boot.test.autoconfigure.web.servlet.WebDriverTestExecutionListener@14efa279, org.springframework.boot.test.autoconfigure.webservices.client.MockWebServiceServerTestExecutionListener@8e99809]
11:47:21.925 [main] DEBUG org.springframework.test.annotation.ProfileValueUtils - Retrieved @ProfileValueSourceConfiguration [null] for test class [spring.it.CatalogServiceITestV4]
11:47:21.928 [main] DEBUG org.springframework.test.annotation.ProfileValueUtils - Retrieved ProfileValueSource type [class org.springframework.test.annotation.SystemProfileValueSource] for class [spring.it.CatalogServiceITestV4]
11:47:21.928 [main] DEBUG org.springframework.test.annotation.ProfileValueUtils - Retrieved @ProfileValueSourceConfiguration [null] for test class [spring.it.CatalogServiceITestV4]
11:47:21.928 [main] DEBUG org.springframework.test.annotation.ProfileValueUtils - Retrieved ProfileValueSource type [class org.springframework.test.annotation.SystemProfileValueSource] for class [spring.it.CatalogServiceITestV4]
11:47:21.939 [main] DEBUG org.springframework.test.annotation.ProfileValueUtils - Retrieved @ProfileValueSourceConfiguration [null] for test class [spring.it.CatalogServiceITestV4]
11:47:21.939 [main] DEBUG org.springframework.test.annotation.ProfileValueUtils - Retrieved ProfileValueSource type [class org.springframework.test.annotation.SystemProfileValueSource] for class [spring.it.CatalogServiceITestV4]
11:47:22.157 [main] DEBUG org.springframework.test.annotation.ProfileValueUtils - Retrieved @ProfileValueSourceConfiguration [null] for test class [spring.it.CatalogServiceITestV4]
11:47:22.157 [main] DEBUG org.springframework.test.annotation.ProfileValueUtils - Retrieved ProfileValueSource type [class org.springframework.test.annotation.SystemProfileValueSource] for class [spring.it.CatalogServiceITestV4]
11:47:22.165 [main] DEBUG org.springframework.test.annotation.ProfileValueUtils - Retrieved @ProfileValueSourceConfiguration [null] for test class [spring.it.CatalogServiceITestV4]
11:47:22.166 [main] DEBUG org.springframework.test.annotation.ProfileValueUtils - Retrieved ProfileValueSource type [class org.springframework.test.annotation.SystemProfileValueSource] for class [spring.it.CatalogServiceITestV4]
11:47:22.167 [main] DEBUG org.springframework.test.annotation.ProfileValueUtils - Retrieved @ProfileValueSourceConfiguration [null] for test class [spring.it.CatalogServiceITestV4]
11:47:22.167 [main] DEBUG org.springframework.test.annotation.ProfileValueUtils - Retrieved ProfileValueSource type [class org.springframework.test.annotation.SystemProfileValueSource] for class [spring.it.CatalogServiceITestV4]
11:47:22.182 [main] DEBUG org.springframework.test.context.support.AbstractDirtiesContextTestExecutionListener - Before test class: context [DefaultTestContext@7f51f588 testClass = CatalogServiceITestV4, testInstance = [null], testMethod = [null], testException = [null], mergedContextConfiguration = [WebMergedContextConfiguration@6fb22ae3 testClass = CatalogServiceITestV4, locations = '{}', classes = '{class spring.Application}', contextInitializerClasses = '[]', activeProfiles = '{}', propertySourceLocations = '{}', propertySourceProperties = '{org.springframework.boot.test.context.SpringBootTestContextBootstrapper=true}', contextCustomizers = set[[ImportsContextCustomizer@6bd92538 key = [org.springframework.boot.test.autoconfigure.web.servlet.MockMvcAutoConfiguration, org.springframework.boot.test.autoconfigure.web.servlet.MockMvcWebClientAutoConfiguration, org.springframework.boot.test.autoconfigure.web.servlet.MockMvcWebDriverAutoConfiguration, org.springframework.boot.autoconfigure.security.oauth2.client.servlet.OAuth2ClientAutoConfiguration, org.springframework.boot.autoconfigure.security.oauth2.resource.servlet.OAuth2ResourceServerAutoConfiguration, org.springframework.boot.autoconfigure.security.servlet.SecurityAutoConfiguration, org.springframework.boot.autoconfigure.security.servlet.SecurityFilterAutoConfiguration, org.springframework.boot.autoconfigure.security.servlet.UserDetailsServiceAutoConfiguration, org.springframework.boot.test.autoconfigure.web.servlet.MockMvcSecurityConfiguration, org.springframework.boot.test.autoconfigure.web.reactive.WebTestClientAutoConfiguration]], org.springframework.boot.test.context.filter.ExcludeFilterContextCustomizer@2643d762, org.springframework.boot.test.json.DuplicateJsonObjectContextCustomizerFactory$DuplicateJsonObjectContextCustomizer@476fe690, org.springframework.boot.test.mock.mockito.MockitoContextCustomizer@0, org.springframework.boot.test.web.client.TestRestTemplateContextCustomizer@784abd3e, org.springframework.boot.test.autoconfigure.actuate.metrics.MetricsExportContextCustomizerFactory$DisableMetricExportContextCustomizer@37df14d1, org.springframework.boot.test.autoconfigure.properties.PropertyMappingContextCustomizer@4b3fa0b3, org.springframework.boot.test.autoconfigure.web.servlet.WebDriverContextCustomizerFactory$Customizer@6f94fb9d, org.springframework.boot.test.context.SpringBootTestArgs@1, org.springframework.boot.test.context.SpringBootTestWebEnvironment@4d7aaca2], resourceBasePath = 'src/main/webapp', contextLoader = 'org.springframework.boot.test.context.SpringBootContextLoader', parent = [null]], attributes = map['org.springframework.test.context.web.ServletTestExecutionListener.activateListener' -> true]], class annotated with @DirtiesContext [false] with mode [null].
11:47:22.197 [main] DEBUG org.springframework.test.annotation.ProfileValueUtils - Retrieved @ProfileValueSourceConfiguration [null] for test class [spring.it.CatalogServiceITestV4]
11:47:22.199 [main] DEBUG org.springframework.test.annotation.ProfileValueUtils - Retrieved ProfileValueSource type [class org.springframework.test.annotation.SystemProfileValueSource] for class [spring.it.CatalogServiceITestV4]

  .   ____          _            __ _ _
 /\\ / ___'_ __ _ _(_)_ __  __ _ \ \ \ \
( ( )\___ | '_ | '_| | '_ \/ _` | \ \ \ \
 \\/  ___)| |_)| | | | | || (_| |  ) ) ) )
  '  |____| .__|_| |_|_| |_\__, | / / / /
 =========|_|==============|___/=/_/_/_/
 :: Spring Boot ::                (v2.6.7)

2022-05-30 11:47:25.143  WARN 24912 --- [           main] ory$DuplicateJsonObjectContextCustomizer : 

Found multiple occurrences of org.json.JSONObject on the class path:

	jar:file:/C:/Users/Abhishek%20Kanaujiya/.m2/repository/org/json/json/20220320/json-20220320.jar!/org/json/JSONObject.class
	jar:file:/C:/Users/Abhishek%20Kanaujiya/.m2/repository/com/vaadin/external/google/android-json/0.0.20131108.vaadin1/android-json-0.0.20131108.vaadin1.jar!/org/json/JSONObject.class

You may wish to exclude one of them to ensure predictable runtime behavior

2022-05-30 11:47:25.181  INFO 24912 --- [           main] spring.it.CatalogServiceITestV4          : Starting CatalogServiceITestV4 using Java 1.8.0_241 on LAPTOP-A993AL18 with PID 24912 (started by Abhishek Kanaujiya in C:\Users\Abhishek Kanaujiya\Desktop\rest_api\springp\integration-tests)
2022-05-30 11:47:25.185  INFO 24912 --- [           main] spring.it.CatalogServiceITestV4          : No active profile set, falling back to 1 default profile: "default"
2022-05-30 11:47:26.542  INFO 24912 --- [           main] c.s.c.services.impl.ServiceCatalogImpl   : Registered service ApplicationLifecycleService$Default
2022-05-30 11:47:26.553  INFO 24912 --- [           main] c.s.c.services.impl.ServiceCatalogImpl   : Registered service AuthorizationService$Default
2022-05-30 11:47:26.568  INFO 24912 --- [           main] c.s.c.services.impl.ServiceCatalogImpl   : Registered service TenantProviderService$Default
2022-05-30 11:47:26.585  INFO 24912 --- [           main] c.s.c.services.impl.ServiceCatalogImpl   : Registered service OutboxService$InMemory
2022-05-30 11:47:26.599  INFO 24912 --- [           main] c.s.c.services.impl.ServiceCatalogImpl   : Registered service AuditlogService$Default
2022-05-30 11:47:26.627  INFO 24912 --- [           main] com.sap.cds.feature.mt.MtUtils           : No multitencancy-capable datasource binding found (MT disabled)
2022-05-30 11:47:26.664  INFO 24912 --- [           main] c.s.c.services.impl.ServiceCatalogImpl   : Registered service CatalogService
2022-05-30 11:47:26.664  INFO 24912 --- [           main] c.s.c.f.s.c.runtime.CdsRuntimeConfig     : Auto-configuration of DataSource beans is explicitly disabled.
2022-05-30 11:47:29.554  INFO 24912 --- [           main] c.a.o.v.m.m.AbstractEdmxProviderAccessor : Initialized Default EDMX V4 Provider
2022-05-30 11:47:29.580  INFO 24912 --- [           main] c.s.c.f.s.c.adapter.AdapterBeanFactory   : Servlet CdsODataV4Servlet mapped to /odata/v4
2022-05-30 11:47:29.673  INFO 24912 --- [           main] c.s.c.f.s.c.adapter.AdapterBeanFactory   : Servlet IndexPageServlet mapped to /
2022-05-30 11:47:33.567  INFO 24912 --- [           main] c.s.c.f.s.c.a.m.MockUsersSecurityConfig  : Added mock user {"name":"authenticated","password":"","systemUser":false,"privileged":false,"internalUser":false,"roles":[],"attributes":{},"unrestricted":[],"additional":{},"valid":true}
2022-05-30 11:47:33.747  INFO 24912 --- [           main] c.s.c.f.s.c.a.m.MockUsersSecurityConfig  : Added mock user {"name":"system","password":"","systemUser":true,"privileged":false,"internalUser":false,"roles":[],"attributes":{},"unrestricted":[],"additional":{},"valid":true}
2022-05-30 11:47:33.909  INFO 24912 --- [           main] c.s.c.f.s.c.a.m.MockUsersSecurityConfig  : Added mock user {"name":"internal","password":"","systemUser":false,"privileged":false,"internalUser":true,"roles":[],"attributes":{},"unrestricted":[],"additional":{},"valid":true}
2022-05-30 11:47:34.069  INFO 24912 --- [           main] c.s.c.f.s.c.a.m.MockUsersSecurityConfig  : Added mock user {"name":"privileged","password":"","systemUser":false,"privileged":true,"internalUser":false,"roles":[],"attributes":{},"unrestricted":[],"additional":{},"valid":true}
2022-05-30 11:47:34.251  INFO 24912 --- [           main] c.s.c.f.s.c.a.m.MockUsersSecurityConfig  : *************************************************************************
2022-05-30 11:47:34.251  INFO 24912 --- [           main] c.s.c.f.s.c.a.m.MockUsersSecurityConfig  : *  Security configuration based on mock users found in active profile.  *
2022-05-30 11:47:34.251  INFO 24912 --- [           main] c.s.c.f.s.c.a.m.MockUsersSecurityConfig  : *                 !!! NEVER USE IN PRODUCTIVE MODE !!!                  *
2022-05-30 11:47:34.251  INFO 24912 --- [           main] c.s.c.f.s.c.a.m.MockUsersSecurityConfig  : *************************************************************************
2022-05-30 11:47:34.497  INFO 24912 --- [           main] o.s.s.web.DefaultSecurityFilterChain     : Will secure any request with [org.springframework.security.web.context.request.async.WebAsyncManagerIntegrationFilter@1e334e47, org.springframework.security.web.context.SecurityContextPersistenceFilter@5a315754, org.springframework.security.web.header.HeaderWriterFilter@4c2e0036, org.springframework.security.web.authentication.logout.LogoutFilter@1c790a59, org.springframework.security.web.authentication.www.BasicAuthenticationFilter@7d399d58, org.springframework.security.web.savedrequest.RequestCacheAwareFilter@61ac42c6, org.springframework.security.web.servletapi.SecurityContextHolderAwareRequestFilter@54cee9a6, org.springframework.security.web.authentication.AnonymousAuthenticationFilter@43ddf79b, org.springframework.security.web.session.SessionManagementFilter@16446cfb, org.springframework.security.web.access.ExceptionTranslationFilter@355a5a85, org.springframework.security.web.access.intercept.FilterSecurityInterceptor@245d83f]
2022-05-30 11:47:34.692  INFO 24912 --- [           main] com.zaxxer.hikari.HikariDataSource       : HikariPool-1 - Starting...
2022-05-30 11:47:35.575  INFO 24912 --- [           main] com.zaxxer.hikari.HikariDataSource       : HikariPool-1 - Start completed.
2022-05-30 11:47:35.918  INFO 24912 --- [           main] c.s.c.services.impl.ServiceCatalogImpl   : Registered service PersistenceService$Default
2022-05-30 11:47:36.178  INFO 24912 --- [           main] c.s.c.s.impl.runtime.CdsRuntimeImpl      : Registered handler class spring.handlers.CatalogServiceHandler
2022-05-30 11:47:36.424  INFO 24912 --- [           main] c.sap.cds.services.impl.utils.BuildInfo  : git.commit.id: 35ece97d85477b6721738a31dc062e0c9ea549f4
2022-05-30 11:47:36.429  INFO 24912 --- [           main] c.sap.cds.services.impl.utils.BuildInfo  : maven.version: 1.24.0
2022-05-30 11:47:36.824  INFO 24912 --- [           main] c.s.c.s.impl.persistence.CsvDataLoader   : Filling my.bookshop.author from ..\db\data\my.bookshop-author.csv
2022-05-30 11:47:36.855  INFO 24912 --- [           main] c.s.c.s.impl.persistence.CsvDataLoader   : Filling my.bookshop.Books from ..\db\data\my.bookshop-Books.csv
2022-05-30 11:47:37.560  INFO 24912 --- [           main] o.s.b.t.m.w.SpringBootMockServletContext : Initializing Spring TestDispatcherServlet ''
2022-05-30 11:47:37.561  INFO 24912 --- [           main] o.s.t.web.servlet.TestDispatcherServlet  : Initializing Servlet ''
2022-05-30 11:47:37.563  INFO 24912 --- [           main] o.s.t.web.servlet.TestDispatcherServlet  : Completed initialization in 2 ms
2022-05-30 11:47:37.853  INFO 24912 --- [           main] spring.it.CatalogServiceITestV4          : Started CatalogServiceITestV4 in 15.517 seconds (JVM running for 19.107)
2022-05-30 11:47:38.800  INFO 24912 --- [           main] c.a.o.v.m.m.AbstractEdmxProviderAccessor : Loading OData V4 metadata for service 'CatalogService'

MockHttpServletRequest:
      HTTP Method = GET
      Request URI = /odata/v4/CatalogService/Books
       Parameters = {}
          Headers = []
             Body = null
    Session Attrs = {}

Handler:
             Type = com.sap.cds.framework.spring.config.adapter.ServletAdapterRestController

Async:
    Async started = false
     Async result = null

Resolved Exception:
             Type = null

ModelAndView:
        View name = null
             View = null
            Model = null

FlashMap:
       Attributes = null

MockHttpServletResponse:
           Status = 200
    Error message = null
          Headers = [Content-Type:"application/json;odata.metadata=minimal", OData-Version:"4.01", X-Content-Type-Options:"nosniff", X-XSS-Protection:"1; mode=block", Cache-Control:"no-cache, no-store, max-age=0, must-revalidate", Pragma:"no-cache", Expires:"0", X-Frame-Options:"DENY"]
     Content type = application/json;odata.metadata=minimal
             Body = {"@context":"$metadata#Books","@metadataEtag":"W/\"f500221a33df0bef708c7b8feb03894e6f361f284acea4417bcc17afab018120\"","value":[{"ID":201,"title":"Wuthering Heights","author_ID":101,"stock":12},{"ID":207,"title":"Jane Eyre","author_ID":107,"stock":11},{"ID":251,"title":"The Raven (discounted)","author_ID":150,"stock":333},{"ID":252,"title":"Eleonora (discounted)","author_ID":150,"stock":555},{"ID":271,"title":"Catweazle","author_ID":170,"stock":22}]}
    Forwarded URL = null
   Redirected URL = null
          Cookies = []
]]></system-out>
  </testcase>
</testsuite>